[1] "2015-09-02 02:10:56 CDT"
Compiling model graph
   Resolving undeclared variables
   Allocating nodes
   Graph Size: 718431

Initializing model
Deleting model

   [1]  7  1  2  6  6  6  7  1  2  2  6  2  3  2  6  2  6  3  7  2  7  7  1  1  1  6  6  1  4  1  1  1  2  2  2  1  1  2  1
  [40]  2  1  2  2  2  2  2  3  4  2  2  2  1  2  1  4  1  1  3  3  3  2  2  1  2  1  2  1  2  1  1  1  1  3  1  2  1  2  1
  [79]  1  1  1  3  1  2  1  1  4  1  2  1  1  1  1  1  1  1  2  2  1  1  1  1  1  1 11  1  1  2  2  3  1  2  2  1  2  1  1
 [118]  2  1  1  3  1  1  1  1  4  1  1  1  1  1  4  2  1  1  2  2  1  1  1  4  4  1  1  1  1  2  1  3  3  1  3  1  2  4  1
 [157]  3  1  2  2  1  1  2  1  1  2  2  2  1  2  1  1 12  3  1  2  3  4  1  2  1  2  2  4  2  1  3  1  1  1  4  1  1  2  1
 [196]  1  2  1  3  2  1  4  1  2  2  1  2  2  2  2  1  1  1  1  2  1  2  2  1  2  1  1  1  1  2  2  1  1  1  4  2  1  1  2
 [235]  2  1  2  1  1  1  2  1  2  1  1  2  1  1  2  3  1  1  4  4  2  2  2  4  1  1  1  1  2  2  1  2  2 11 11  1  2  1  1
 [274]  1  1  1  1  1  1  1  1  1  2  1  1  1  1  1  1  1  1  2  3  1  1  2  1  1  1  2  3  2  1  2  1  1  2  1  2  2  2  1
 [313]  2  1  2  1  3  2  2  1  1  1  2  2  2  1  1  1  1  1  1  2  2  1  2  1  4  2  2  1  1  2  4  1  1  1  1  2  1  1  2
 [352]  1  3  1  2  3  1  2  2  2  1  1  1  2  1  2  2  2  1  2  2  3  2  2  1  1  1  1  2  2  2  2  3  3  2  1  1  2  2  1
 [391]  2  1  3  1  2  2  1  2  2  3  4  1  2  2  1  1  1  1  1  1  1  2  3  1  1  1  1  2  1  2  3  2  2  1  2  2  1  4  2
 [430]  1  1  1  1  2  2  1  1  4  4  1  1  1  1  1  1  1  1  1  1  4  1  1  1  1  1  1  1  1  3  1  1  1 11  1  3  1  2  4
 [469]  8  2  2  1  5  3  5  8  5  5  5  5  5  5  8  5  1  1  8  2  1  8  8  5  5  1  2  5  5  5  5  5  1  3  2  3  3  1  2
 [508]  8  1  3  2  5  8  1  2  5  1  2  5  1  5  3  5  5  5  2  2  1  2  2  8  5  2  3  3  2  2  3  1  2  2  1  1  5  2  1
 [547]  3  2  1  2  1  5  8  2  1  3  5  2  1  5  3  5  1  1  1  2  3  2  8  2  1  1  3  2  1  8  8  3  5  2  2  2  1  5  2
 [586]  5  5  1  2  1  2  1  3  2  5  2  2  1  5  1  1  5  3  2  1  5  1  2  1  2  3  1  3  8  5  1  2  1  1  5  2  3  2  5
 [625]  3  5  3  2  1  5  2  8  3  1  2  5  4  3  3  5  5  8  1  1  5  5  1  2  4  3  3  5  2  3  5  1  1  1  5  2  3  2  5
 [664]  5  5  5  2  3  2  3  1  2  5  8  1  2  3  2  2  1  2  2  1  1  1  3  2  1  2  9  5  5  5  2  2  1  5  8  3  3  2  2
 [703]  1  1  8  5  1  3  2  2  2  2  2  2  1  3  5  2  5  8  2  3  1  5  3  5  1  2  2  3  1  1  5  2  1  2  8  1  1  5  5
 [742]  1  2  1  4  4  1  2  2  1  1  1  2  1  4  4  1  1  4  2  2  1  1  1  1  1  4  2  1  1  1  2  1  1  4  1  2  1  2  2
 [781]  1  4  1  1  1  1  2  2  2  2  1  1  1  1  1  1  4  1  1  3  1  1  1  2  2  1  1  2  1  1  2  2  1  2  1  2  1  1  2
 [820]  1  1  2  2 11  1  2  4  2  2  1  1  3  2  3  1  2  1  1  1  1  4  2  1  1  1  2  1  2  1  4  2  1  2  2  1  1  1  1
 [859]  2  1  3  1  4  2  1  1  2  1  1  2  1  1  1  1  1  1  1  4  3  1  1  1  1  1  1  1  4  2  1  1  1  1  1  1  2  1  3
 [898]  2  2  3  3  2  2  4  1  2  2  1  5  1  1  1  3  1  1  2  2  1  2  1  4  2  4  1  1  2  1  1  1  1  2  4  2  1  2  1
 [937]  4  3  2  2  1  1  1  4  4  1  2  1  2  2  1  2  2  2  3  2  1  1  1  2  1  2  2  2  2  2  1  1  1 11  1  1  1  1  4
 [976]  2  2  3  2  1  2  2  1 11  2  2  2  2  1  2  8  3  4  2  1  2  1  1  1  1  1  2  2  1  1  2  2  3  1  1  1  1  1  1
[1015]  3  1  2  2  4  1  4  2  2  2  1  1  3  1  1  1  3  1  2  1  2  2 11 11  2  1  1  2  2  1  2  1  1  4  3  1  2  1  1
[1054]  2  2  2  2  1  2  2  1  2  1  1  1  2  1  1  1  1  1  1  1  1  1  3  2  2  1  1  1  1  2  4  4  1  1  2  2  1  1  2
[1093]  1  1  1  1  1  1  1  2  1  1  2  1  1  1  1  1  1  1  3  2  1  1  2  1  2  1  1  2  1  4  2  1  4  1  1  3  2  4  2
[1132]  2  2  2  3  1  2  2  1  2  1  1  3  1  3  2  2  3  2  2  3  3  3  2  3  1  2  1  1  2  2  2  1  1  1  1  4  2  2  1
[1171]  1  1  2  1  1  2  4  2  3  2  2  1  1  1  1  2  2  1  1  3  1  2  2  1  3  1  2  2  2  1  4  3  2  1  1  1  2  2  2
[1210]  1  2  1  1  1  1  1  1  3  2  3  1  1  1  2  3  3  4  3  1  9  1  1  1  2  2  2  1  2  1  1  1  2  2  9  2  2  1  2
[1249]  2  1  2  9  1  2  2  1  1  2  3  2  2  2  1  1  1  2  1  2  2  9 11  1  2  9  1  9  1  1  2  9  1  1  1  1  9  1  1
[1288]  1  1  1  1  1  2  2  3  1  1  1  9  9  1  1  1  2  3  9  1  1  1  2  1  3  2  2  1  1  1  2  3  9  1  1  2  9  1  1
[1327]  1  1  1  1  2  1  1  3  3  1  2  2  2  2  1  1  1  9  1  9  2  2  9  1  2  9  1  2  1  2  1  1  9  9  1  1  1  1  1
[1366]  2  2  1  1  2  3  2  1  2  1  2  9  1  2  3  4  1  3  2  1 11  1  1  1  2  1  1  1  1  1  1  2  1  1  1  2  1  1  2
[1405]  1  1  2  2  1  1  1  1  1  2  8  5  2  2  2  8  1  2  2  5  8  5  2  5  3  2  2  1  5  8  5  1  1  5  8  1  1  1  2
[1444]  8  5  5  5  8  3  8  8  5  2  3  3  1  5  1  1  5  3  1  5  2  2  2  5  2  5  1  5  5  2  5  8  5  8  2  8  8  1  1
[1483]  1  2  1  1  1  1  3  2  1  3  1  1  1  2  1  2  2  1  1  2  1  2  1  1  1  2  1  3  1  1  2  2  1  2  1  3  3  1  1
[1522]  2  1  1  2  1  1  4  2  2  2  2  2  2  2  1  2  3  2  4  3  2  4  2  2  2  2  2  3  1  1  2  2  2  2  1  1  1  2  1
[1561]  2  1  1  2  2  4  1  3  1  1  2  1  1  1  2  1  2  1  2  1  2  2  1  3  1  1  1  1  1  1  1  1  1  1  2  3  3  1  2
[1600]  2  3  3  1  1  2  4  1  1  1  3  3  2  1  2  1  3  2  2  2  1  2  2  2  2  2  1  1  3  1  3  1  1  1  2  2  2  3  2
[1639]  2  6  3  2  6  6  2  6  3  6  7  6  3  1  2  6  7  3  7  7  6  6  7  3  2  7  7  7  6  6  3  2  2  2  7  6  1  2  6
[1678]  6  2  3  2  6  6  1  1  1  6  6  7  1  7  1  2  6  1  3  2  1 11  3  6  7  6  1  2  2  4  1  2  1  2  3  1  2  1  1
[1717]  2  2  1  2  1  2  3  1  2  2  2  1  2  2  1  1  2  1  3  1  1  1  1  2  1  2  2  2  2  1  1  2  1  2  1  3  1  3  2
[1756]  2  2  4  1  1  1  1  1  4  1  2  1  2  2  2  4  1  3  1  1  2  1  2  1  1  1  2  2  3  2 11  4  1  2  3  2  2  1  2
[1795]  2  1  2  2  3  1  1  2  1  2  2  2  2  2  2  1  2  4  3  2  1  1  1  3  2  2  2  3  2  1  2  1  1  1  1  1  2 11  1
[1834]  1  2  2  3  2  1  2  2  2  2  2  2  1  2  2  1  1  1  2 11  2  2  3  1  3  1  2  2  1  1  1  1  1  1  4  1  1  2  1
[1873]  2  1  2  2  2  2  2  2  1  2  2  2  1  1  2  1  2  2  2  2  1  3  4  4  1  4  4  1  1  1  1  1  1  1  1  1  1  2  1
[1912]  1  1  1  2  2  1  1  3  2  1  1  1  1  1  3  3  1  2  1  3  1  2  4  1  1  2  1  3  5  5  5  5  5  5  5  1  2  1  5
[1951]  5  1  3  5  5  1  3  2  2  2  2  5  2  2  1  5  5  5  5  9  3  2  1  1  1  1  9  9  1  1  1  1  9  1  1  1  1  2  1
[1990]  3  1  2  1  1  2  1  1  2  2  2  1  2  2  2  9  1  1  1  2  1  1  2  1  9  2  2  9  2  1  1  1  1  1  2  1  1  3  3
[2029] 11  1  2  1  4  2  2  1  2  2  1  1  2  1  4  2  4  1  2  4  1  3  1  3  1  2  2  4  1  3  2  1  2  3  1  2  3  1  4
[2068]  1  1  1  1  2  1  4  3  3  1  1  2  2  3  1  2  1  4  1  1  2  2  1  1  1  1  1  2  1  1  2  1  1  1  1  2  2  1  1
[2107]  1  4 11  1  1  1  4  1  2  2  1  1  1  2  2  4  1  4  1  2  1  1  2 11  1  2  1  1  1  1  1 11  4  3  4  1  4  2  1
[2146]  1  2  1  4  1  1  1  1  4  1  2  2  4  1  3  1  2  2  1  3  1  4  4  1  1  1  2  1  2  1  1  1  1  1  1  1  1 11  3
[2185]  3  1  1  1  2  2  3  1  1  2  1 11  2  3  2  3  2  1  1  1  4  4  1  1  1  2  3  1  1  1  2  2  4  2  2  1  2  4  1
[2224]  1  4  2  1  1  1  3  3  1  4  4  1  1  2  4  3  1  1  2  4  1  4  4  1  4  1  1  2  1  1  1  1  1  4  1  1  4  2  1
[2263]  2  3  2  1  4  1  2  1  1  4  1  2  4  4  2  1  1  1  1  4  1  1  2 11 11  4  2  2  4  2  1  1  1  4  4  1  4  1  2
[2302]  2  4  1  3  1  1 11  4  1  2  4  1  2  1  2  3  1  4  1  3  4  4  2  1  3  3  2  2 11  3  1  1  1  1 11  1  2  2  3
[2341]  1  2  2  1  2  1  1  1  1  2 11  1  1  1  4  1  1  1  2  4  2  1  1  1  4  1  1  4  1  1  3  1  1  1  1  2  2  1  1
[2380]  2  1  1  3  2  2  2  1  1  1  1  4  1  1  2  1  1  1  1  1  1  1  1  1  2  1  3  2  3  1  1  1  1  1  1  1  1  2  3
[2419]  2  2  1  2  2  1  1  3  2  1  1  1  1  1  1  1  1  1  2  1  1  1  1  2  3  1  2  1  1  1  2  3  1  1  2  3  1  2  3
[2458]  3  1  1  1  2  2  1  1  1  1  1  1  1  2  3  1  1  1  1  1  1  1  2  1  1  1  2  1  1  2  4  1  2  1  1  1  1  4  1
[2497]  4  1  2  2  1  2  4  1  2  1  2  1  1  1  1  1  1  1  1  4  1  1  4  1  1  4  1  2  1  1  2  1  2  1  1  1  4  1  1
[2536]  2  2  1  1  1  1  2  1  1  2  1  1  1  1  1  1  2  2  1  1  2  1  1  3  1  1  3  1  2  3  1  4  3  1  1  2  1  1  2
[2575]  2  2  1  1  1  2  1  2  1  1  1  1  1  4  1  1  1  4  1  1  1  2  1  1  1  1  2  1  2  1  4  1  2  2  1  4  2  1  1
[2614]  1  1  1  3  1  1  1  4  1  1  4  2  3  1  1  2  1  2  1  1  1  1  2  1  1  2  2  1  1  1  1  1  1  1  2  1  4  2  1
[2653]  2  1 13  2 13  2  2  2  6  1  2  2  1  6 13  2  1  4  2  2  3  6  2  1  2 13 13  6 13 13  2  1  1 13  6  1 13  6  1
[2692]  3 13  6  3 13  1  1 13  2  2 13 13 13  6  6  1  6  1  2  6 11  1  2  3  1  1  6  2 13  1 13  1 13 12  3  1 13  3  2
[2731]  2  1  1  2  6 13  2 13  6  2  4  2  1  2  1  2  1  2  2  2  1  1  1  1  1  1  2  1  1  1  2  1  1  1  1  1  1  1  1
[2770]  1  1  2  1  3  2  1  9  1  1  1  1  1  1  1  1  1  1  2  9  2  2  1  9  9  2  1  1  9  2  3  1  1  2  1  1  2  1  9
[2809]  1  1  1  2  3  2 11  1  1  1  1  2  1  1  2  1 12  1  2 12  2 12  3  1  1  2  1  2  1  1  1  2 12  2  1  2  2  3  1
[2848]  3  1  1  2  2  3 12 12 12  1  4  2  2  2  2  1  2  1  2  2  2  2  1  2  2  2  2  1  4  1  2  2  4  2  1  1  2  4  1
[2887]  2  1  1  2  1  2  1  2 12  1  1  1  1  2  2  3  2 12  1  2  4  1  1  1  1  1  2  3  1  2  1  2  2  2  1  2  2  2  1
[2926]  1  2  1  3  2  2  2  1  1  1  1  1  2  2  1  2  1  2  1  1  1  2  3  1  1  1  2  1  2  1  1  1  2  2  1  3  1  2  2
[2965]  1  3  1  2  1  1  1 10  1  1  4  1  3 10  1  1  2  2  1  2  2  3  1  2  1  1 10  1  1  1  1  1  1  2  2  1  1  1  2
[3004]  2  4  2  2  2  2  2  2  1  2  2  1  3  1  2  2  3  1  1  2  1  3  2  3  1  1  1  1  1  2  2  2  1  1  2  2  1  1  1
[3043]  2  3  2  2  2  2  2  1  2  1  2  2  2  2  1  1  1  1  1  1  1  1  3  1  1  1  2  1  2  1  2  2  1  1  1  1  2  1  1
[3082]  1  9  1  1  9  1  1  2  2  9  1  1  9  9  1  1  1  2  9  1  2  1  1  1  1  1  2  1  1  1  1  1  1  2  1  4  1  9  1
[3121]  1  1  1  1  1  1  1  1  1  1  9  2  1  2  1  2  1  1  1  9  2  2  1  2  4  1  1  1  9  1  1  2  2  1  1  2  2  1  1
[3160]  4  1  1  1  1  1  1  1  1  1  1  1  1  1  1  1  2  1  1  1  1  1  1  1  1  4  2  1  3  2  3  1  1  2  1  2  1  2 11
[3199]  2  2 10  1  1  2  1  2  1 10  1  1  4  1  1  2  1  1  1  1  1  2  2  1 10  1  1  1 10  1  1 10  3  1  1  1  1  2  1
[3238]  2  1  1  1  1  1  1 10  4  2  1  1  2  1  1  3  1 10  2  2  1  1  1 10  1  2  1  1  1  1  1  1  1  1  1  1  2  2  2
[3277]  2  1  1  1  1  1  3  1  1  1  1  1  1  2  1  1  1  1  3  1  1 10  1 10  1  1  1  2  2 10  2  2  2  1  1  1 11  1  1
[3316]  1  3  2  2  1  1  1  1  1  1  4  2  2  1  3  3  2  4  3  2  1  4  2  1  1  4  2  2  1  1  1  1  2  2  5  2  1  1  1
[3355]  1  1  4  1  4  2  1  4  2  4  2  4  1  2  2  2  3  2  1  2  1  1  4  2  1  1  1  1  1  1  1  1  1  1  4  2  1  1  2
[3394]  2  1  2  1  1  2  2  1  1  1  4  1  1  1  1  2  2  1  2  1  1  4  4  2  1  3  2  1  3  1  1  1  1  1  1  2  1  1  1
[3433]  2  1  2  1  2  1  1  1  2  2  1  2  3  1  1  2  1  1  2  2  2  1  2  1  2  1  1  3  1  4  1  2  3  3  1  2  4  2  1
[3472]  2  3  2  2  2  2  3  2  3  2  2  2  2  1  2  3  2  3  2  2  1  3  4  1  1  1  1  1  1  1  2  2  2  2  4  2  2  3  1
[3511]  1  2  2  3  2  2  3  1  1  1  3  4  1  2  1  2  3  1  1  1  1  2  2  2  2  1  4  1  1  1  1  4  1  1  2  3  1  2  3
[3550]  1  1  1  2  2  2  2  3  2  3  1  1  2  2  2  2  2 11  2  2  2  2  4  2  1  3  1  1  2  1  2  1  2  1  2  1  2  1  1
[3589]  1  2  1  3  1  2  1  2  1  1  1  1  5  5  1  1  5  2  2  5  1  2  8  2  2  1  5  1  8  1  5  2  1  1  5  2  2  2  2
[3628]  1  3  5  5  2  2  5  3  2  2  1  2  3  1  2  8  5  2  1  8  5  5  5  5  1  1  1  5  2  8  1  2  2  8  2  1  1  4  1
[3667]  5  8  2  1  5  2  3  1  4  2  2  2  1  2  1  1  1  3  3  1  1  4  2  1  2  1  1  2  1  2  1  1  2  1  1  1  2  1  2
[3706]  1  1  1  2  3  1  2  1  1  2  2  2  1  3  2  1  1  2  2  1  1  3  3  1 11  2  1  2  1  2  1  1  2  2  2  1  1 11  1
[3745]  1  2  1  2  2  2  2  1  1  3  3  2  1  1  2  2  2  1  1  2  2  3  4  1  1  4  2  2  1  1  1  3  1  1  2  1  1 11  2
[3784]  2  3 11  1  1  1  1 11 11 11 11 11  1 11  1  1  1  2  1  1  4  2  2  2  2 11  2 11  1  2  2  4  2  2  1  1  1  1  1
[3823]  1  1  1  1  1  4  1  1  1  3  3  1  1  1  2  1  2  1  3  2 11  1  2  1  1  3  1  1  4  1  2  2  1  1  2 11  4  2  1
[3862]  3  3  3  2  1  3  2  2  2  2  1  2  1  1  4  1  2  2  1  1  1  1  2  1  1  1 11  3  1  2  2 11  1  1  1  3  4  1  2
[3901]  1  4  1  1  1  3  1  1  2  2  2  2  2  2  1  2  2  1  1  2  4  1  3  2  1  1  2  2  1  1  3  1  1  4  3  1  1  2  2
[3940]  1  1  1  2  2  1  1  1  1  2  1  1  3  1  3  2  2  4  1  1  1  1  1  1  1  1  1  1  4  2  2  1  1  3  1  1  4  3  3
[3979]  2  4  2  7  3  7  2  4  7  2  7  2  6  7  2  6  6  6  7  6  1  2  1  3  7  7  2  4  7  7  2  2  2  1  2  7  7  7  6
[4018]  7  2  6  6  7  2  4  6  1  7  7  2  6  2  6  6  2  7  1  6  1  7  1  2  7  1  1  2  7  4  1  7  7  6  2  2  1  7  1
[4057]  1  1  1  2  6  2  6  2  2  2  2  7  6  7  6  3  7  2  6  7  7  1  2  2  2  6  6  1  1  2  2  7  6  2  2  3  6  6  7
[4096]  6  7  7  7  7  6  7  7  1  4  6  7  6  1  1  1  1  3  1  1  1  1  4  3  4  1  1  2  1  1  1  1  1  1  1  4  3  1  2
[4135]  3  2  2  2  2  2  1  1  2 14  1  3  1  1  1  1  1  2  2  4  2  2  2  1  2  3  3  1  2  2  1  2  2  1  2  1  1  1  1
[4174]  1  1 14  1  1  1  1  1  1  1  1  1  1  1  1  2  1  2  2  1  1 14  2  3  1  1  2  1  1  1  1  3  2  4  1  2  2  1  1
[4213]  1  1  1  1  1  1  2  2  2  1  1 14  2  2  3  1  1  3  1  1  1  1  1  1  1  2  3  2  1  3  2  3  1  1  1  1  2
